<?xml version="1.0" encoding="UTF-8"?>
<!-- Generated by org.testng.reporters.JUnitXMLReporter -->
<testsuite hostname="Bharath" name="HomePage_IndexWatch_Tests" tests="2" failures="0" timestamp="28 Oct 2016 07:21:28 GMT" time="35.598" errors="0">
  <testcase name="@BeforeTest initializeApp" time="0.0" classname="com.mobileinvest.tests.MobileInvestHome">
    <failure type="org.openqa.selenium.NoSuchElementException" message="An element could not be located on the page using the given search parameters. (WARNING: The server did not provide any stacktrace information)
Command duration or timeout: 20.59 seconds
For documentation on this error, please visit: http://seleniumhq.org/exceptions/no_such_element.html
Build info: version: &amp;apos;2.53.1&amp;apos;, revision: &amp;apos;a36b8b1&amp;apos;, time: &amp;apos;2016-06-30 17:32:46&amp;apos;
System info: host: &amp;apos;Bharath&amp;apos;, ip: &amp;apos;192.168.0.104&amp;apos;, os.name: &amp;apos;Windows 10&amp;apos;, os.arch: &amp;apos;amd64&amp;apos;, os.version: &amp;apos;10.0&amp;apos;, java.version: &amp;apos;1.8.0_101&amp;apos;
Driver info: io.appium.java_client.android.AndroidDriver
Capabilities [{appPackage=com.aditybirlamoney.cueme.mobileapp, networkConnectionEnabled=true, warnings={}, appWaitActivity=com.openstream.mmi.gui.CuemeActivityDelegate, databaseEnabled=false, deviceName=HT466WM09687, platform=LINUX, appActivity=com.openstream.cueme.workbench.cuemelauncher.MainActivityDelegate, desired={appPackage=com.aditybirlamoney.cueme.mobileapp, appActivity=com.openstream.cueme.workbench.cuemelauncher.MainActivityDelegate, platformVersion=6.0, appWaitActivity=com.openstream.mmi.gui.CuemeActivityDelegate, browserName=, platformName=Android, deviceName=HTC One_m8}, platformVersion=6.0, webStorageEnabled=false, locationContextEnabled=false, browserName=, takesScreenshot=true, javascriptEnabled=true, platformName=Android}]
Session ID: 4c38f3cb-ac2d-4cd4-9541-6cbb2b7b10c3
*** Element info: {Using=xpath, value=//android.view.View[contains(@content-desc,&amp;apos;SENSEX-BSE&amp;apos;)]}">
      <![CDATA[org.openqa.selenium.NoSuchElementException: An element could not be located on the page using the given search parameters. (WARNING: The server did not provide any stacktrace information)
Command duration or timeout: 20.59 seconds
For documentation on this error, please visit: http://seleniumhq.org/exceptions/no_such_element.html
Build info: version: '2.53.1', revision: 'a36b8b1', time: '2016-06-30 17:32:46'
System info: host: 'Bharath', ip: '192.168.0.104', os.name: 'Windows 10', os.arch: 'amd64', os.version: '10.0', java.version: '1.8.0_101'
Driver info: io.appium.java_client.android.AndroidDriver
Capabilities [{appPackage=com.aditybirlamoney.cueme.mobileapp, networkConnectionEnabled=true, warnings={}, appWaitActivity=com.openstream.mmi.gui.CuemeActivityDelegate, databaseEnabled=false, deviceName=HT466WM09687, platform=LINUX, appActivity=com.openstream.cueme.workbench.cuemelauncher.MainActivityDelegate, desired={appPackage=com.aditybirlamoney.cueme.mobileapp, appActivity=com.openstream.cueme.workbench.cuemelauncher.MainActivityDelegate, platformVersion=6.0, appWaitActivity=com.openstream.mmi.gui.CuemeActivityDelegate, browserName=, platformName=Android, deviceName=HTC One_m8}, platformVersion=6.0, webStorageEnabled=false, locationContextEnabled=false, browserName=, takesScreenshot=true, javascriptEnabled=true, platformName=Android}]
Session ID: 4c38f3cb-ac2d-4cd4-9541-6cbb2b7b10c3
*** Element info: {Using=xpath, value=//android.view.View[contains(@content-desc,'SENSEX-BSE')]}
	at org.openqa.selenium.remote.ErrorHandler.createThrowable(ErrorHandler.java:206)
	at org.openqa.selenium.remote.ErrorHandler.throwIfResponseFailed(ErrorHandler.java:158)
	at org.openqa.selenium.remote.RemoteWebDriver.execute(RemoteWebDriver.java:678)
	at io.appium.java_client.DefaultGenericMobileDriver.execute(DefaultGenericMobileDriver.java:40)
	at io.appium.java_client.AppiumDriver.execute(AppiumDriver.java:1)
	at io.appium.java_client.android.AndroidDriver.execute(AndroidDriver.java:1)
	at org.openqa.selenium.remote.RemoteWebDriver.findElement(RemoteWebDriver.java:363)
	at io.appium.java_client.DefaultGenericMobileDriver.findElement(DefaultGenericMobileDriver.java:56)
	at io.appium.java_client.AppiumDriver.findElement(AppiumDriver.java:1)
	at io.appium.java_client.android.AndroidDriver.findElement(AndroidDriver.java:1)
	at org.openqa.selenium.remote.RemoteWebDriver.findElementByXPath(RemoteWebDriver.java:500)
	at io.appium.java_client.DefaultGenericMobileDriver.findElementByXPath(DefaultGenericMobileDriver.java:134)
	at io.appium.java_client.AppiumDriver.findElementByXPath(AppiumDriver.java:1)
	at io.appium.java_client.android.AndroidDriver.findElementByXPath(AndroidDriver.java:1)
	at org.openqa.selenium.By$ByXPath.findElement(By.java:361)
	at org.openqa.selenium.remote.RemoteWebDriver.findElement(RemoteWebDriver.java:355)
	at io.appium.java_client.DefaultGenericMobileDriver.findElement(DefaultGenericMobileDriver.java:52)
	at io.appium.java_client.AppiumDriver.findElement(AppiumDriver.java:1)
	at io.appium.java_client.android.AndroidDriver.findElement(AndroidDriver.java:1)
	at com.mobileinvest.utilities.InitiateApplication.Start(InitiateApplication.java:41)
	at com.mobileinvest.tests.MobileInvestHome.initializeApp(MobileInvestHome.java:41)
... Removed 26 stack frames]]>
    </failure>
  </testcase> <!-- @BeforeTest initializeApp -->
  <testcase name="@AfterTest closeApp" time="0.0" classname="com.mobileinvest.tests.MobileInvestHome">
    <skipped/>
  </testcase> <!-- @AfterTest closeApp -->
  <testcase name="SetIndicesFromIndexSettings" time="0.002" classname="com.mobileinvest.tests.MobileInvestHome">
    <skipped/>
  </testcase> <!-- SetIndicesFromIndexSettings -->
  <testcase name="VerifyIndicesFromIndexSettings" time="0.001" classname="com.mobileinvest.tests.MobileInvestHome">
    <skipped/>
  </testcase> <!-- VerifyIndicesFromIndexSettings -->
</testsuite> <!-- HomePage_IndexWatch_Tests -->
